<?xml version="1.0" encoding="UTF-8"?>
<testsuite xmlns:xsi="http://www.w3.org/2001/XMLSchema-instance" xsi:schemaLocation="https://maven.apache.org/surefire/maven-surefire-plugin/xsd/surefire-test-report.xsd" name="TestSuite" time="21.894" tests="5" errors="0" skipped="0" failures="0">
  <properties>
[...]
</properties>
  <testcase name="runScenario" classname="testRunner.SignUpTestRunner" time="5.169"/>
  <testcase name="runScenario" classname="testRunner.SignUpTestRunner" time="3.756"/>
  <testcase name="runScenario" classname="testRunner.SignUpTestRunner" time="3.712"/>
  <testcase name="runScenario" classname="testRunner.SignUpTestRunner" time="3.874"/>
  <testcase name="runScenario" classname="testRunner.SignUpTestRunner" time="4.44"/>
</testsuite>