<?xml version="1.0" encoding="UTF-8"?>
<!-- Generated by org.testng.reporters.JUnitXMLReporter -->
<testsuite ignored="0" hostname="bi-c02vw2g7htd6.lan" failures="2" tests="5" name="Web Test" time="48.923" errors="0" timestamp="2021-03-07T03:23:20 SGT">
  <testcase classname="io.cucumber.testng.AbstractTestNGCucumberTests" name="runScenario" time="15.785"/>
  <testcase classname="io.cucumber.testng.AbstractTestNGCucumberTests" name="runScenario" time="8.336"/>
  <testcase classname="io.cucumber.testng.AbstractTestNGCucumberTests" name="runScenario" time="7.838">
    <failure type="java.lang.AssertionError" message="expected [true] but found [false]">
      <![CDATA[java.lang.AssertionError: expected [true] but found [false]
at stepDef.StepDef.validation_message_appears_on_new_post_page(StepDef.java:260)
at ✽.validation message "title can't be blank (minimum is 1 character)" appears on new post page(file:///Users/tanchw/Documents/assignment/realworldweb-testauto/src/test/resources/features/Post.feature:50)
... Removed 6 stack frames]]>
    </failure>
  </testcase> <!-- runScenario -->
  <testcase classname="io.cucumber.testng.AbstractTestNGCucumberTests" name="runScenario" time="8.714">
    <failure type="java.lang.AssertionError" message="expected [true] but found [false]">
      <![CDATA[java.lang.AssertionError: expected [true] but found [false]
at stepDef.StepDef.validation_message_appears_on_new_post_page(StepDef.java:260)
at ✽.validation message "description can't be blank (minimum is 1 character)" appears on new post page(file:///Users/tanchw/Documents/assignment/realworldweb-testauto/src/test/resources/features/Post.feature:50)
... Removed 6 stack frames]]>
    </failure>
  </testcase> <!-- runScenario -->
  <testcase classname="io.cucumber.testng.AbstractTestNGCucumberTests" name="runScenario" time="7.578"/>
</testsuite> <!-- Web Test -->
